<?xml version="1.0" encoding="UTF-8"?>
<testng-results ignored="0" total="2" passed="2" failed="0" skipped="0">
  <reporter-output>
  </reporter-output>
  <suite started-at="2020-03-25T17:02:14 IST" name="Default suite" finished-at="2020-03-25T17:06:57 IST" duration-ms="282540">
    <groups>
    </groups>
    <test started-at="2020-03-25T17:02:14 IST" name="Default test" finished-at="2020-03-25T17:06:57 IST" duration-ms="282540">
      <class name="Sauc_Test.NewTest">
        <test-method is-config="true" signature="getdata()[pri:0, instance:Sauc_Test.NewTest@3901d134]" started-at="2020-03-25T17:02:14 IST" name="getdata" finished-at="2020-03-25T17:02:15 IST" duration-ms="765" status="PASS">
          <reporter-output>
          </reporter-output>
        </test-method> <!-- getdata -->
        <test-method is-config="true" signature="bm()[pri:0, instance:Sauc_Test.NewTest@3901d134]" started-at="2020-03-25T17:02:15 IST" name="bm" finished-at="2020-03-25T17:02:32 IST" duration-ms="17030" status="PASS">
          <reporter-output>
          </reporter-output>
        </test-method> <!-- bm -->
        <test-method signature="test1(java.lang.String, java.lang.String)[pri:0, instance:Sauc_Test.NewTest@3901d134]" started-at="2020-03-25T17:02:32 IST" name="test1" data-provider="login_data" finished-at="2020-03-25T17:03:53 IST" duration-ms="80834" status="PASS">
          <params>
            <param index="0">
              <value>
                <![CDATA[standard_user]]>
              </value>
            </param>
            <param index="1">
              <value>
                <![CDATA[secret_sauce]]>
              </value>
            </param>
          </params>
          <reporter-output>
          </reporter-output>
        </test-method> <!-- test1 -->
        <test-method is-config="true" signature="bm()[pri:0, instance:Sauc_Test.NewTest@3901d134]" started-at="2020-03-25T17:03:53 IST" name="bm" finished-at="2020-03-25T17:04:09 IST" duration-ms="15819" status="PASS">
          <reporter-output>
          </reporter-output>
        </test-method> <!-- bm -->
        <test-method signature="test1(java.lang.String, java.lang.String)[pri:0, instance:Sauc_Test.NewTest@3901d134]" started-at="2020-03-25T17:04:09 IST" name="test1" data-provider="login_data" finished-at="2020-03-25T17:06:57 IST" duration-ms="168033" status="PASS">
          <params>
            <param index="0">
              <value>
                <![CDATA[performance_glitch_user]]>
              </value>
            </param>
            <param index="1">
              <value>
                <![CDATA[secret_sauce]]>
              </value>
            </param>
          </params>
          <reporter-output>
          </reporter-output>
        </test-method> <!-- test1 -->
      </class> <!-- Sauc_Test.NewTest -->
    </test> <!-- Default test -->
  </suite> <!-- Default suite -->
</testng-results>
